  test2.cpp
test2.obj : error LNK2019: 无法解析的外部符号 "public: __thiscall sample::sample(int)" (??0sample@@QAE@H@Z)，函数 _main 中引用了该符号
test2.obj : error LNK2019: 无法解析的外部符号 "public: __thiscall sample::~sample(void)" (??1sample@@QAE@XZ)，函数 _main 中引用了该符号
C:\Users\Chenx221\Documents\GitHub\Chenx221-W\c20210928\Debug\c20210928.exe : fatal error LNK1120: 2 个无法解析的外部命令
